#
# A fatal error has been detected by the Java Runtime Environment:
#
#  EXCEPTION_ACCESS_VIOLATION (0xc0000005) at pc=0x0000000070e38ad5, pid=13864, tid=9196
#
# JRE version: Java(TM) SE Runtime Environment (8.0_73-b02) (build 1.8.0_73-b02)
# Java VM: Java HotSpot(TM) 64-Bit Server VM (25.73-b02 mixed mode windows-amd64 compressed oops)
# Problematic frame:
# V  [jvm.dll+0x128ad5]
#
# Failed to write core dump. Minidumps are not enabled by default on client versions of Windows
#
# If you would like to submit a bug report, please visit:
#   http://bugreport.java.com/bugreport/crash.jsp
#

---------------  T H R E A D  ---------------

Current thread (0x0000000017ba2800):  JavaThread "JDWP Transport Listener: dt_socket" daemon [_thread_in_vm, id=9196, stack(0x0000000019530000,0x0000000019630000)]

siginfo: ExceptionCode=0xc0000005, reading address 0x0000000043290000

Registers:
RAX=0x000000001962f401, RBX=0x0000000017ba2800, RCX=0x0000000043290000, RDX=0x0000000000000000
RSP=0x000000001962f410, RBP=0x0000000043290000, RSI=0x000000001962f528, RDI=0x0000000003028d10
R8 =0x0000000017ba2800, R9 =0x0000000000008000, R10=0x0000000000000000, R11=0x0000000019d79685
R12=0x0000000000000000, R13=0x0000000017b99cb8, R14=0x0000000000000000, R15=0x0000000000000000
RIP=0x0000000070e38ad5, EFLAGS=0x0000000000010206

Top of Stack: (sp=0x000000001962f410)
0x000000001962f410:   0000000017ba2800 0000000017ba2800
0x000000001962f420:   000000001962f4d8 000000007103e34b
0x000000001962f430:   0000000017ba2800 000000007105abad
0x000000001962f440:   0000000000000000 0000000071e99155
0x000000001962f450:   0000000019ceca80 0000000071ea291e
0x000000001962f460:   0000000017ba2800 0000000000000000
0x000000001962f470:   0000000000000000 0000000000000000
0x000000001962f480:   0000000043290000 0000000071ea1a15
0x000000001962f490:   000000001962f528 000000001962f500
0x000000001962f4a0:   0000000000000001 0000000019ceca80
0x000000001962f4b0:   0000000043290000 0000000071e853b3
0x000000001962f4c0:   000000001962f5f0 0000000000000001
0x000000001962f4d0:   0000000000000001 0000000019ceca80
0x000000001962f4e0:   00000000f0001008 0000000000000000
0x000000001962f4f0:   0000000000000000 0000000000000000
0x000000001962f500:   0000000000000001 0000000071e85571 

Instructions: (pc=0x0000000070e38ad5)
0x0000000070e38ab5:   cc cc cc cc cc cc cc cc cc cc cc 48 83 ec 28 48
0x0000000070e38ac5:   85 c9 75 07 33 c0 48 83 c4 28 c3 48 89 5c 24 20
0x0000000070e38ad5:   48 8b 19 48 85 db 74 20 48 83 fb 37 74 1a 48 8b
0x0000000070e38ae5:   13 48 8b cb ff 52 10 84 c0 74 0d 48 8b c3 48 8b 


Register to memory mapping:

RAX=0x000000001962f401 is pointing into the stack for thread: 0x0000000017ba2800
RBX=0x0000000017ba2800 is a thread
RCX=0x0000000043290000 is an unknown value
RDX=0x0000000000000000 is an unknown value
RSP=0x000000001962f410 is pointing into the stack for thread: 0x0000000017ba2800
RBP=0x0000000043290000 is an unknown value
RSI=0x000000001962f528 is pointing into the stack for thread: 0x0000000017ba2800
RDI=0x0000000003028d10 is an unknown value
R8 =0x0000000017ba2800 is a thread
R9 =0x0000000000008000 is an unknown value
R10=0x0000000000000000 is an unknown value
R11=0x0000000019d79685 is an unknown value
R12=0x0000000000000000 is an unknown value
R13=0x0000000017b99cb8 is an unknown value
R14=0x0000000000000000 is an unknown value
R15=0x0000000000000000 is an unknown value


Stack: [0x0000000019530000,0x0000000019630000],  sp=0x000000001962f410,  free space=1021k
Native frames: (J=compiled Java code, j=interpreted, Vv=VM code, C=native code)
V  [jvm.dll+0x128ad5]
V  [jvm.dll+0x34abad]
C  [jdwp.dll+0x21a15]
C  [jdwp.dll+0x53b3]
C  [jdwp.dll+0x5571]
C  [jdwp.dll+0xf0a8]
C  [jdwp.dll+0x1f2d5]
C  [jdwp.dll+0x1f4aa]
V  [jvm.dll+0x1bbb58]
V  [jvm.dll+0x243234]
V  [jvm.dll+0x29a10a]
C  [msvcr100.dll+0x21d9f]
C  [msvcr100.dll+0x21e3b]
C  [KERNEL32.DLL+0x8364]
C  [ntdll.dll+0x670d1]


---------------  P R O C E S S  ---------------

Java Threads: ( => current thread )
  0x0000000002e42800 JavaThread "DestroyJavaVM" [_thread_blocked, id=8008, stack(0x0000000002c80000,0x0000000002d80000)]
  0x0000000019eb8800 JavaThread "AWT-EventQueue-0" [_thread_blocked, id=7256, stack(0x000000001a670000,0x000000001a770000)]
  0x0000000019eb3000 JavaThread "AWT-Windows" daemon [_thread_in_native, id=8940, stack(0x000000001a480000,0x000000001a580000)]
  0x0000000019eb0000 JavaThread "AWT-Shutdown" [_thread_blocked, id=1580, stack(0x000000001a380000,0x000000001a480000)]
  0x0000000019ea2000 JavaThread "Java2D Disposer" daemon [_thread_blocked, id=9152, stack(0x000000001a280000,0x000000001a380000)]
  0x0000000019b76800 JavaThread "Service Thread" daemon [_thread_blocked, id=8392, stack(0x0000000019f30000,0x000000001a030000)]
  0x0000000017bbe000 JavaThread "C1 CompilerThread2" daemon [_thread_blocked, id=13712, stack(0x0000000019a30000,0x0000000019b30000)]
  0x0000000017bbc000 JavaThread "C2 CompilerThread1" daemon [_thread_blocked, id=16204, stack(0x0000000019930000,0x0000000019a30000)]
  0x0000000017bb5800 JavaThread "C2 CompilerThread0" daemon [_thread_blocked, id=6552, stack(0x0000000019830000,0x0000000019930000)]
  0x0000000017ba9000 JavaThread "JDWP Command Reader" daemon [_thread_in_native, id=13776, stack(0x0000000019730000,0x0000000019830000)]
  0x0000000017ba7800 JavaThread "JDWP Event Helper Thread" daemon [_thread_blocked, id=15020, stack(0x0000000019630000,0x0000000019730000)]
=>0x0000000017ba2800 JavaThread "JDWP Transport Listener: dt_socket" daemon [_thread_in_vm, id=9196, stack(0x0000000019530000,0x0000000019630000)]
  0x0000000017b8d000 JavaThread "Attach Listener" daemon [_thread_blocked, id=7724, stack(0x00000000190f0000,0x00000000191f0000)]
  0x0000000017b8c000 JavaThread "Signal Dispatcher" daemon [_thread_blocked, id=5644, stack(0x0000000018ff0000,0x00000000190f0000)]
  0x0000000002f37000 JavaThread "Finalizer" daemon [_thread_blocked, id=1300, stack(0x0000000018df0000,0x0000000018ef0000)]
  0x0000000002f2e000 JavaThread "Reference Handler" daemon [_thread_blocked, id=7744, stack(0x0000000018cf0000,0x0000000018df0000)]

Other Threads:
  0x0000000017b58000 VMThread [stack: 0x0000000018bf0000,0x0000000018cf0000] [id=14332]
  0x0000000019b9a800 WatcherThread [stack: 0x000000001a030000,0x000000001a130000] [id=4836]

VM state:not at safepoint (normal execution)

VM Mutex/Monitor currently owned by a thread: None

Heap:
 PSYoungGen      total 38400K, used 16153K [0x00000000d5d00000, 0x00000000d8780000, 0x0000000100000000)
  eden space 33280K, 48% used [0x00000000d5d00000,0x00000000d6cc64f0,0x00000000d7d80000)
  from space 5120K, 0% used [0x00000000d8280000,0x00000000d8280000,0x00000000d8780000)
  to   space 5120K, 0% used [0x00000000d7d80000,0x00000000d7d80000,0x00000000d8280000)
 ParOldGen       total 87552K, used 0K [0x0000000081600000, 0x0000000086b80000, 0x00000000d5d00000)
  object space 87552K, 0% used [0x0000000081600000,0x0000000081600000,0x0000000086b80000)
 Metaspace       used 10728K, capacity 11026K, committed 11136K, reserved 1058816K
  class space    used 1300K, capacity 1390K, committed 1408K, reserved 1048576K

Card table byte_map: [0x00000000123f0000,0x00000000127f0000] byte_map_base: 0x0000000011fe5000

Marking Bits: (ParMarkBitMap*) 0x0000000071520600
 Begin Bits: [0x0000000012ea0000, 0x0000000014e48000)
 End Bits:   [0x0000000014e48000, 0x0000000016df0000)

Polling page: 0x0000000002d80000

CodeCache: size=245760Kb used=3758Kb max_used=3758Kb free=242002Kb
 bounds [0x0000000003030000, 0x00000000033e0000, 0x0000000012030000]
 total_blobs=1573 nmethods=1120 adapters=374
 compilation: enabled

Compilation events (10 events):
Event: 10.470 Thread 0x0000000017bbe000 1114       3       java.lang.invoke.MemberName::access$200 (6 bytes)
Event: 10.471 Thread 0x0000000017bbe000 nmethod 1114 0x00000000033d2f10 code [0x00000000033d3080, 0x00000000033d3208]
Event: 10.471 Thread 0x0000000017bbe000 1115       1       java.lang.invoke.MethodHandles$Lookup::lookupClass (5 bytes)
Event: 10.471 Thread 0x0000000017bbe000 nmethod 1115 0x00000000033d7dd0 code [0x00000000033d7f20, 0x00000000033d8030]
Event: 10.471 Thread 0x0000000017bbe000 1118       3       java.awt.geom.AffineTransform::isIdentity (20 bytes)
Event: 10.471 Thread 0x0000000017bbe000 nmethod 1118 0x00000000033d7890 code [0x00000000033d7a00, 0x00000000033d7ce8]
Event: 11.138 Thread 0x0000000017bbe000 1119       3       java.nio.CharBuffer::hasArray (20 bytes)
Event: 11.138 Thread 0x0000000017bbe000 nmethod 1119 0x00000000033d74d0 code [0x00000000033d7620, 0x00000000033d7810]
Event: 20.838 Thread 0x0000000017bbe000 1120       3       java.util.HashMap$HashIterator::<init> (79 bytes)
Event: 20.838 Thread 0x0000000017bbe000 nmethod 1120 0x00000000033d6e50 code [0x00000000033d6fc0, 0x00000000033d7350]

GC Heap History (0 events):
No events

Deoptimization events (4 events):
Event: 0.256 Thread 0x0000000002e42800 Uncommon trap: reason=null_check action=make_not_entrant pc=0x00000000031a0424 method=java.lang.String.equals(Ljava/lang/Object;)Z @ 8
Event: 0.391 Thread 0x0000000019eb8800 Uncommon trap: reason=unstable_if action=reinterpret pc=0x00000000031ce0e4 method=java.lang.String.indexOf([CII[CIII)I @ 134
Event: 0.413 Thread 0x0000000019eb8800 Uncommon trap: reason=unstable_if action=reinterpret pc=0x00000000031d438c method=java.lang.String.startsWith(Ljava/lang/String;I)Z @ 25
Event: 2.758 Thread 0x0000000019eb8800 Uncommon trap: reason=unstable_if action=reinterpret pc=0x00000000032432a8 method=java.io.BufferedInputStream.read()I @ 8

Internal exceptions (10 events):
Event: 0.038 Thread 0x0000000002e42800 Exception <a 'java/lang/NoSuchMethodError': Method sun.misc.Unsafe.prefetchRead(Ljava/lang/Object;J)V name or signature does not match> (0x00000000d5d0e3a8) thrown at [D:\re\puppet\workspace\8-2-build-windows-amd64-cygwin\jdk8u73\6086\hotspot\src\share\vm\jÙ”ófÊ?
Event: 0.206 Thread 0x0000000002e42800 Exception <a 'java/lang/NoSuchFieldError': method resolution failed> (0x00000000d6033b80) thrown at [D:\re\puppet\workspace\8-2-build-windows-amd64-cygwin\jdk8u73\6086\hotspot\src\share\vm\prims\methodHandles.cpp, line 1146]
Event: 0.214 Thread 0x0000000002e42800 Exception <a 'java/lang/NoSuchFieldError': method resolution failed> (0x00000000d6040fa0) thrown at [D:\re\puppet\workspace\8-2-build-windows-amd64-cygwin\jdk8u73\6086\hotspot\src\share\vm\prims\methodHandles.cpp, line 1146]
Event: 0.250 Thread 0x0000000002e42800 Exception <a 'java/security/PrivilegedActionException'> (0x00000000d60cd028) thrown at [D:\re\puppet\workspace\8-2-build-windows-amd64-cygwin\jdk8u73\6086\hotspot\src\share\vm\prims\jvm.cpp, line 1386]
Event: 0.250 Thread 0x0000000002e42800 Exception <a 'java/security/PrivilegedActionException'> (0x00000000d60cd238) thrown at [D:\re\puppet\workspace\8-2-build-windows-amd64-cygwin\jdk8u73\6086\hotspot\src\share\vm\prims\jvm.cpp, line 1386]
Event: 0.251 Thread 0x0000000002e42800 Exception <a 'java/security/PrivilegedActionException'> (0x00000000d60d0de0) thrown at [D:\re\puppet\workspace\8-2-build-windows-amd64-cygwin\jdk8u73\6086\hotspot\src\share\vm\prims\jvm.cpp, line 1386]
Event: 0.251 Thread 0x0000000002e42800 Exception <a 'java/security/PrivilegedActionException'> (0x00000000d60d0ff0) thrown at [D:\re\puppet\workspace\8-2-build-windows-amd64-cygwin\jdk8u73\6086\hotspot\src\share\vm\prims\jvm.cpp, line 1386]
Event: 0.256 Thread 0x0000000002e42800 Implicit null exception at 0x00000000031a01a5 to 0x00000000031a0415
Event: 0.265 Thread 0x0000000002e42800 Exception <a 'java/io/FileNotFoundException'> (0x00000000d60f1e10) thrown at [D:\re\puppet\workspace\8-2-build-windows-amd64-cygwin\jdk8u73\6086\hotspot\src\share\vm\prims\jni.cpp, line 709]
Event: 0.361 Thread 0x0000000019eb8800 Exception <a 'java/io/FileNotFoundException'> (0x00000000d63a4720) thrown at [D:\re\puppet\workspace\8-2-build-windows-amd64-cygwin\jdk8u73\6086\hotspot\src\share\vm\prims\jni.cpp, line 709]

Events (10 events):
Event: 419.495 Executing VM operation: GetCurrentLocation
Event: 419.495 Executing VM operation: GetCurrentLocation done
Event: 419.495 Executing VM operation: ChangeSingleStep
Event: 419.495 Executing VM operation: ChangeSingleStep done
Event: 419.495 Executing VM operation: ChangeSingleStep
Event: 419.495 Executing VM operation: ChangeSingleStep done
Event: 439.786 Executing VM operation: RedefineClasses
Event: 439.794 Executing VM operation: RedefineClasses done
Event: 496.335 Executing VM operation: RedefineClasses
Event: 496.346 Executing VM operation: RedefineClasses done


Dynamic libraries:
0x00007ff6a3660000 - 0x00007ff6a3697000 	C:\Program Files\Java\jre1.8.0_73\bin\javaw.exe
0x00007ffd0fa40000 - 0x00007ffd0fc11000 	C:\WINDOWS\SYSTEM32\ntdll.dll
0x00007ffd0eef0000 - 0x00007ffd0ef9c000 	C:\WINDOWS\System32\KERNEL32.DLL
0x00007ffd0ca10000 - 0x00007ffd0cc2d000 	C:\WINDOWS\System32\KERNELBASE.dll
0x00007ffd0f610000 - 0x00007ffd0f6b2000 	C:\WINDOWS\System32\ADVAPI32.dll
0x00007ffd0f800000 - 0x00007ffd0f89e000 	C:\WINDOWS\System32\msvcrt.dll
0x00007ffd0f9d0000 - 0x00007ffd0fa29000 	C:\WINDOWS\System32\sechost.dll
0x00007ffd0f8a0000 - 0x00007ffd0f9c1000 	C:\WINDOWS\System32\RPCRT4.dll
0x00007ffd0d000000 - 0x00007ffd0d165000 	C:\WINDOWS\System32\USER32.dll
0x00007ffd0cfb0000 - 0x00007ffd0cfce000 	C:\WINDOWS\System32\win32u.dll
0x00007ffd0f6d0000 - 0x00007ffd0f704000 	C:\WINDOWS\System32\GDI32.dll
0x00007ffd0c0a0000 - 0x00007ffd0c222000 	C:\WINDOWS\System32\gdi32full.dll
0x00007ffd06d10000 - 0x00007ffd06f8a000 	C:\WINDOWS\WinSxS\amd64_microsoft.windows.common-controls_6595b64144ccf1df_6.0.14393.953_none_42151e83c686086b\COMCTL32.dll
0x00007ffd0f340000 - 0x00007ffd0f608000 	C:\WINDOWS\System32\combase.dll
0x00007ffd0bf30000 - 0x00007ffd0c025000 	C:\WINDOWS\System32\ucrtbase.dll
0x00007ffd0c030000 - 0x00007ffd0c09a000 	C:\WINDOWS\System32\bcryptPrimitives.dll
0x00007ffd0f710000 - 0x00007ffd0f73e000 	C:\WINDOWS\System32\IMM32.DLL
0x0000000072100000 - 0x00000000721d2000 	C:\Program Files\Java\jre1.8.0_73\bin\msvcr100.dll
0x0000000070d10000 - 0x00000000715a0000 	C:\Program Files\Java\jre1.8.0_73\bin\server\jvm.dll
0x00007ffd0cfd0000 - 0x00007ffd0cfd8000 	C:\WINDOWS\System32\PSAPI.DLL
0x00007ffcfa870000 - 0x00007ffcfa879000 	C:\WINDOWS\SYSTEM32\WSOCK32.dll
0x00007ffd0a1f0000 - 0x00007ffd0a213000 	C:\WINDOWS\SYSTEM32\WINMM.dll
0x00007ffd0ece0000 - 0x00007ffd0ed4a000 	C:\WINDOWS\System32\WS2_32.dll
0x00007ffd07eb0000 - 0x00007ffd07eba000 	C:\WINDOWS\SYSTEM32\VERSION.dll
0x00007ffd0a180000 - 0x00007ffd0a1ab000 	C:\WINDOWS\SYSTEM32\WINMMBASE.dll
0x00007ffd0cc30000 - 0x00007ffd0cc72000 	C:\WINDOWS\System32\cfgmgr32.dll
0x0000000070c20000 - 0x0000000070c2f000 	C:\Program Files\Java\jre1.8.0_73\bin\verify.dll
0x0000000070bf0000 - 0x0000000070c19000 	C:\Program Files\Java\jre1.8.0_73\bin\java.dll
0x0000000071e80000 - 0x0000000071eb5000 	C:\Program Files\Java\jre1.8.0_73\bin\jdwp.dll
0x0000000071e70000 - 0x0000000071e78000 	C:\Program Files\Java\jre1.8.0_73\bin\npt.dll
0x0000000070bd0000 - 0x0000000070be6000 	C:\Program Files\Java\jre1.8.0_73\bin\zip.dll
0x00007ffd0d7d0000 - 0x00007ffd0ecd8000 	C:\WINDOWS\System32\SHELL32.dll
0x00007ffd0c230000 - 0x00007ffd0c90a000 	C:\WINDOWS\System32\windows.storage.dll
0x00007ffd0bee0000 - 0x00007ffd0bf2c000 	C:\WINDOWS\System32\powrprof.dll
0x00007ffd0d340000 - 0x00007ffd0d392000 	C:\WINDOWS\System32\shlwapi.dll
0x00007ffd0bea0000 - 0x00007ffd0beaf000 	C:\WINDOWS\System32\kernel.appcore.dll
0x00007ffd0cc80000 - 0x00007ffd0cd29000 	C:\WINDOWS\System32\shcore.dll
0x00007ffd0bec0000 - 0x00007ffd0bed4000 	C:\WINDOWS\System32\profapi.dll
0x0000000071e60000 - 0x0000000071e69000 	C:\Program Files\Java\jre1.8.0_73\bin\dt_socket.dll
0x00007ffd09590000 - 0x00007ffd095a6000 	C:\WINDOWS\system32\napinsp.dll
0x00007ffd09570000 - 0x00007ffd0958a000 	C:\WINDOWS\system32\pnrpnsp.dll
0x00007ffd07830000 - 0x00007ffd07848000 	C:\WINDOWS\system32\NLAapi.dll
0x00007ffd0b770000 - 0x00007ffd0b7cc000 	C:\WINDOWS\System32\mswsock.dll
0x00007ffd0b530000 - 0x00007ffd0b5d1000 	C:\WINDOWS\SYSTEM32\DNSAPI.dll
0x00007ffd0fa30000 - 0x00007ffd0fa38000 	C:\WINDOWS\System32\NSI.dll
0x00007ffd0b4f0000 - 0x00007ffd0b528000 	C:\WINDOWS\SYSTEM32\IPHLPAPI.DLL
0x00007ffd09560000 - 0x00007ffd0956e000 	C:\WINDOWS\System32\winrnr.dll
0x00007ffd00f20000 - 0x00007ffd00f8a000 	C:\WINDOWS\System32\fwpuclnt.dll
0x00007ffd0bde0000 - 0x00007ffd0be0b000 	C:\WINDOWS\SYSTEM32\bcrypt.dll
0x00007ffcfd4a0000 - 0x00007ffcfd4aa000 	C:\Windows\System32\rasadhlp.dll
0x0000000071f60000 - 0x00000000720f8000 	C:\Program Files\Java\jre1.8.0_73\bin\awt.dll
0x00007ffd0f740000 - 0x00007ffd0f7ff000 	C:\WINDOWS\System32\OLEAUT32.dll
0x00007ffd0c970000 - 0x00007ffd0ca0c000 	C:\WINDOWS\System32\msvcp_win.dll
0x00007ffd0a450000 - 0x00007ffd0a4ca000 	C:\WINDOWS\SYSTEM32\apphelp.dll
0x00007ffd0a620000 - 0x00007ffd0a6b5000 	C:\WINDOWS\system32\uxtheme.dll
0x00007ffd0f0a0000 - 0x00007ffd0f1fa000 	C:\WINDOWS\System32\MSCTF.dll
0x00007ffd09ad0000 - 0x00007ffd09af6000 	C:\WINDOWS\system32\dwmapi.dll
0x00007ffd0f200000 - 0x00007ffd0f338000 	C:\WINDOWS\System32\ole32.dll
0x0000000071f10000 - 0x0000000071f57000 	C:\Program Files\Java\jre1.8.0_73\bin\fontmanager.dll
0x0000000070bb0000 - 0x0000000070bca000 	C:\Program Files\Java\jre1.8.0_73\bin\net.dll
0x0000000070b90000 - 0x0000000070ba1000 	C:\Program Files\Java\jre1.8.0_73\bin\nio.dll
0x0000000071ec0000 - 0x0000000071f02000 	C:\Program Files\Java\jre1.8.0_73\bin\t2k.dll
0x00007ffd05a50000 - 0x00007ffd05be2000 	C:\WINDOWS\SYSTEM32\dbghelp.dll

VM Arguments:
jvm_args: -agentlib:jdwp=transport=dt_socket,suspend=y,address=localhost:56648 -ea -Dfile.encoding=Cp1252 
java_command: main.Main
java_class_path (initial): C:\Users\piete_000\Documents\School\Unief\3de bach\Software ontwerp\Project\Classr\bin;C:\Users\piete_000\.gradle\caches\modules-2\files-2.1\org.apache.commons\commons-math3\3.6.1\e4ba98f1d4b3c80ec46392f25e094a6a2e58fcbf\commons-math3-3.6.1.jar;C:\Users\piete_000\.gradle\caches\modules-2\files-2.1\com.google.guava\guava\20.0\89507701249388e1ed5ddcf8c41f4ce1be7831ef\guava-20.0.jar;C:\Users\piete_000\.gradle\caches\modules-2\files-2.1\junit\junit\4.12\2973d150c0dc1fefe998f834810d68f278ea58ec\junit-4.12.jar;C:\Users\piete_000\.gradle\caches\modules-2\files-2.1\org.hamcrest\hamcrest-core\1.3\42a25dc3219429f0e5d060061f71acb49bf010a0\hamcrest-core-1.3.jar;C:\Users\piete_000\.p2\pool\plugins\org.junit_4.12.0.v201504281640\junit.jar;C:\Users\piete_000\.p2\pool\plugins\org.hamcrest.core_1.3.0.v201303031735.jar
Launcher Type: SUN_STANDARD

Environment Variables:
PATH=C:/Program Files/Java/jre1.8.0_73/bin/server;C:/Program Files/Java/jre1.8.0_73/bin;C:/Program Files/Java/jre1.8.0_73/lib/amd64;C:\Program Files\Haskell\bin;C:\Program Files\Haskell Platform\8.0.1\lib\extralibs\bin;C:\Program Files\Haskell Platform\8.0.1\bin;C:\ProgramData\Oracle\Java\javapath;C:\Program Files (x86)\Intel\iCLS Client\;C:\Program Files\Intel\iCLS Client\;C:\Windows\system32;C:\Windows;C:\Windows\System32\Wbem;C:\Windows\System32\WindowsPowerShell\v1.0\;C:\Program Files\Intel\Intel(R) Management Engine Components\DAL;C:\Program Files (x86)\Intel\Intel(R) Management Engine Components\DAL;C:\Program Files\Intel\Intel(R) Management Engine Components\IPT;C:\Program Files (x86)\Intel\Intel(R) Management Engine Components\IPT;C:\Program Files (x86)\NVIDIA Corporation\PhysX\Common;C:\WINDOWS\system32;C:\WINDOWS;C:\WINDOWS\System32\Wbem;C:\WINDOWS\System32\WindowsPowerShell\v1.0\;C:\Program Files\MATLAB\R2015b\runtime\win64;C:\Program Files\MATLAB\R2015b\bin;C:\Program Files\Haskell Platform\8.0.1\mingw\bin;C:\Program Files\nodejs\;C:\Program Files (x86)\Windows Kits\10\Windows Performance Toolkit\;C:\Program Files\Intel\WiFi\bin\;C:\Program Files\Common Files\Intel\WirelessCommon\;C:\Program Files (x86)\Skype\Phone\;C:\Users\piete_000\AppData\Local\Programs\Python\Python35-32\Scripts\;C:\Users\piete_000\AppData\Local\Programs\Python\Python35-32\;C:\Users\piete_000\AppData\Roaming\cabal\bin;C:\Users\piete_000\AppData\Roaming\local\bin;C:\Users\piete_000\AppData\Local\Programs\MiKTeX 2.9\miktex\bin\;C:\Users\piete_000\AppData\Local\Microsoft\WindowsApps;C:\Users\piete_000\AppData\Roaming\npm;C:\Users\piete_000\Documents\Portable Apps\eclipse Neon Java\eclipse;
USERNAME=piete_000
OS=Windows_NT
PROCESSOR_IDENTIFIER=Intel64 Family 6 Model 61 Stepping 4, GenuineIntel



---------------  S Y S T E M  ---------------

OS: Windows 10.0 , 64 bit Build 14393 (10.0.14393.1198)

CPU:total 4 (2 cores per cpu, 2 threads per core) family 6 model 61 stepping 4, cmov, cx8, fxsr, mmx, sse, sse2, sse3, ssse3, sse4.1, sse4.2, popcnt, avx, avx2, aes, clmul, erms, 3dnowpref, lzcnt, ht, tsc, tscinvbit, bmi1, bmi2, adx

Memory: 4k page, physical 8296944k(2668196k free), swap 11558604k(3379628k free)

vm_info: Java HotSpot(TM) 64-Bit Server VM (25.73-b02) for windows-amd64 JRE (1.8.0_73-b02), built on Jan 29 2016 17:38:49 by "java_re" with MS VC++ 10.0 (VS2010)

time: Mon May 22 15:18:59 2017
elapsed time: 496 seconds (0d 0h 8m 16s)

